11:28:33.472 > ESP-ROM:esp32s3-20210327
11:28:33.472 > Build:Mar 27 2021
11:28:33.473 > rst:0x15 (USB_UART_CHIP_RESET),boot:0x28 (SPI_FAST_FLASH_BOOT)
11:28:33.473 > Saved PC:0x420fbdba
11:28:33.475 > SPIWP:0xee
11:28:33.475 > mode:DIO, clock div:1
11:28:33.477 > load:0x3fce3808,len:0x44c
11:28:33.479 > load:0x403c9700,len:0xbe4
11:28:33.482 > load:0x403cc700,len:0x2a68
11:28:33.488 > entry 0x403c98d4
11:28:33.773 > 
11:28:33.774 > 
11:28:33.774 > =============== ESP-CAM_MJPEG 9.0 ===============
11:28:33.848 > [00:02:02.179 infoSD] SD card type SDSC, Size: 1.8GB
11:28:33.970 > [00:02:02.180 listFolder] Sketch size 1.4MB
11:28:34.109 > [00:02:02.304 listFolder] SD_MMC: 5.2MB used
11:28:34.109 > [00:02:02.441 loadConfig] Load config
11:28:34.112 > [00:02:02.444 ERROR @ prefs.cpp:141] Failed to load file /data/configs.txt 
11:28:34.119 > [00:02:02.450 WARN retrieveConfigVal] Key hostName not set 
11:28:34.119 > [00:02:02.451 WARN retrieveConfigVal] Key AP_SSID not set 
11:28:34.310 > [00:02:02.642 prepCam] Camera init OK for model OV2640 on board CAMERA_MODEL_LILY_T_SIM_CAM_V1_2
11:28:34.310 > [00:02:02.642 WARN retrieveConfigVal] Key framesize not set 
11:28:34.520 > [00:02:02.851 setWifiSTA] Wifi Station IP from DHCP
11:28:34.539 > .........[00:02:07.277 onWiFiEvent] WiFi Station connection to Cudy-24G, using hostname: ESP-CAM_MJPEG_E4D98B188534
11:28:39.038 > ..[00:02:08.380 WARN startWifi] SSID Cudy-24G WL_IDLE_STATUS 
11:28:40.050 > [00:02:08.382 onWiFiEvent] Wifi AP stopped: ESP-CAM_MJPEG_E4D98B188534
11:28:40.051 > [00:02:08.383 onWiFiEvent] Wifi AP SSID: ESP-CAM_MJPEG_E4D98B188534 started, use 'http://192.168.4.1' to connect
11:28:43.466 > [00:02:11.798 startWifi] Wifi stats for Cudy-24G - signal strength: -40 dBm; Encryption: WPA2_PSK; channel: 6
11:28:43.466 > [00:02:11.798 startWifi] Wifi stats for Cudy-24G - signal strength: -51 dBm; Encryption: WPA_WPA2_PSK; channel: 6
11:28:43.466 > [00:02:11.799 startWifi] Wifi stats for Cudy-24G - signal strength: -66 dBm; Encryption: WPA2_PSK; channel: 6
11:28:43.467 > [00:02:11.799 ERROR @ utils.cpp:309] Request failed, error: connection refused 
11:28:43.467 > [00:02:11.800 ERROR @ utils.cpp:323] No External IP returned 
11:28:43.468 > [00:02:11.800 startWifi] Remote server certificates not checked
11:28:43.469 > [00:02:11.801 startPing] Started ping monitoring - On
11:28:43.469 > E (19717) ping_sock: send error=0
11:28:43.472 > [00:02:11.803 startWebServer] Starting web server on port: 80
11:28:43.474 > [00:02:11.805 startStreamServer] Starting streaming server on port: 81
11:28:43.520 > [00:02:11.852 prepRecording] To record new AVI, do one of:
11:28:43.520 > [00:02:11.852 prepRecording] - press Start Recording on web page
11:28:43.520 > [00:02:11.853 prepRecording] - move in front of camera
11:28:43.520 >  
11:28:43.520 > [00:02:11.853 setup] Camera model OV2640 on board CAMERA_MODEL_LILY_T_SIM_CAM_V1_2 ready @ 20MHz
11:28:43.522 > [00:02:11.853 checkMemory] Free: heap 166104, block: 155636, pSRAM 6608567
11:28:43.522 > [00:02:11.853 setup] ************************************
11:28:43.522 > 
11:28:43.717 > [00:02:12.049 onWiFiEvent] Wifi Station IP, use 'http://192.168.1.157' to connect
11:28:48.470 > [00:02:16.802 resetWatchDog] WatchDog started using task: ping
11:28:48.470 > [00:02:16.802 WARN pingTimeout] Failed to ping gateway, restart wifi ... 
11:28:48.470 > [00:02:16.802 setWifiSTA] Wifi Station IP from DHCP
11:28:48.472 > [00:02:16.805 onWiFiEvent] WiFi Station disconnected
11:28:48.482 > .[00:02:16.948 onWiFiEvent] WiFi Station connection to Cudy-24G, using hostname: ESP-CAM_MJPEG_E4D98B188534
11:28:48.982 > .[00:02:17.598 onWiFiEvent] Wifi Station IP, use 'http://192.168.1.113' to connect
11:28:56.312 > [00:02:24.644 startWifi] Wifi stats for Cudy-24G - signal strength: -43 dBm; Encryption: WPA2_PSK; channel: 6
11:28:56.313 > [00:02:24.645 startWifi] Wifi stats for Cudy-24G - signal strength: -51 dBm; Encryption: WPA_WPA2_PSK; channel: 6
11:28:56.313 > [00:02:24.645 startWifi] Wifi stats for Cudy-24G - signal strength: -66 dBm; Encryption: WPA2_PSK; channel: 6
11:29:03.312 > [00:02:31.646 ERROR @ utils.cpp:309] Request failed, error: connection refused 
11:29:03.313 > [00:02:31.646 ERROR @ utils.cpp:323] No External IP returned 
11:29:03.313 > [00:02:31.647 startWifi] Remote server certificates not checked
11:29:13.474 > [00:02:41.807 getLocalNTP] Using NTP server: pool.ntp.org
11:29:13.476 > [00:02:41.808 WARN getLocalNTP] Not yet synced with NTP 
11:29:13.485 > [00:02:41.820 wgetFile] Downloading /data/configs.txt from https://raw.githubusercontent.com/itexpertshire/ESP32S3_TSIMCAM/master/data/configs.txt
11:29:20.486 > [00:02:48.821 ERROR @ setupAssist.cpp:46] Download failed, error: connection refused 
11:29:20.496 > [00:02:48.830 loadConfig] Load config
11:29:20.499 > [00:02:48.834 ERROR @ prefs.cpp:141] Failed to load file /data/configs.txt 
11:29:20.505 > [00:02:48.840 WARN retrieveConfigVal] Key hostName not set 
11:29:20.505 > [00:02:48.840 WARN retrieveConfigVal] Key AP_SSID not set 
11:29:43.469 > [00:03:11.806 getLocalNTP] Using NTP server: pool.ntp.org
11:29:43.470 > [00:03:11.806 WARN getLocalNTP] Not yet synced with NTP 
11:29:43.481 > [00:03:11.818 wgetFile] Downloading /data/configs.txt from https://raw.githubusercontent.com/itexpertshire/ESP32S3_TSIMCAM/master/data/configs.txt
11:29:49.484 > [00:03:17.821 ERROR @ setupAssist.cpp:46] Download failed, error: connection refused 
11:29:49.493 > [00:03:17.830 loadConfig] Load config
11:29:49.496 > [00:03:17.833 ERROR @ prefs.cpp:141] Failed to load file /data/configs.txt 
11:29:49.502 > [00:03:17.839 WARN retrieveConfigVal] Key hostName not set 
11:29:49.502 > [00:03:17.839 WARN retrieveConfigVal] Key AP_SSID not set 
11:30:13.466 > [00:03:41.804 getLocalNTP] Using NTP server: pool.ntp.org
11:30:13.468 > [00:03:41.805 WARN getLocalNTP] Not yet synced with NTP 
11:30:13.478 > [00:03:41.816 wgetFile] Downloading /data/configs.txt from https://raw.githubusercontent.com/itexpertshire/ESP32S3_TSIMCAM/master/data/configs.txt
11:30:20.479 > [00:03:48.817 ERROR @ setupAssist.cpp:46] Download failed, error: connection refused 
11:30:20.488 > [00:03:48.826 loadConfig] Load config
11:30:20.492 > [00:03:48.829 ERROR @ prefs.cpp:141] Failed to load file /data/configs.txt 
11:30:20.502 > [00:03:48.836 WARN retrieveConfigVal] Key hostName not set 
11:30:20.502 > [00:03:48.836 WARN retrieveConfigVal] Key AP_SSID not set 
